[debug] [2023-06-20T07:03:05.883Z] ----------------------------------------------------------------------
[debug] [2023-06-20T07:03:05.884Z] Command:       C:\Program Files\nodejs\node.exe C:\Users\elyaa\AppData\Roaming\npm\node_modules\firebase-tools\lib\bin\firebase.js deploy --only functions
[debug] [2023-06-20T07:03:05.885Z] CLI Version:   12.1.0
[debug] [2023-06-20T07:03:05.885Z] Platform:      win32
[debug] [2023-06-20T07:03:05.885Z] Node Version:  v18.15.0
[debug] [2023-06-20T07:03:05.886Z] Time:          Tue Jun 20 2023 10:03:05 GMT+0300 (Israel Daylight Time)
[debug] [2023-06-20T07:03:05.886Z] ----------------------------------------------------------------------
[debug] 
[debug] [2023-06-20T07:03:05.942Z] > command requires scopes: ["email","openid","https://www.googleapis.com/auth/cloudplatformprojects.readonly","https://www.googleapis.com/auth/firebase","https://www.googleapis.com/auth/cloud-platform"]
[debug] [2023-06-20T07:03:05.942Z] > authorizing via signed-in user (gvanimcareer@gmail.com)
[debug] [2023-06-20T07:03:05.942Z] [iam] checking project gvanim-app for permissions ["cloudfunctions.functions.create","cloudfunctions.functions.delete","cloudfunctions.functions.get","cloudfunctions.functions.list","cloudfunctions.functions.update","cloudfunctions.operations.get","firebase.projects.get"]
[debug] [2023-06-20T07:03:05.944Z] >>> [apiv2][query] POST https://cloudresourcemanager.googleapis.com/v1/projects/gvanim-app:testIamPermissions [none]
[debug] [2023-06-20T07:03:05.944Z] >>> [apiv2][(partial)header] POST https://cloudresourcemanager.googleapis.com/v1/projects/gvanim-app:testIamPermissions x-goog-quota-user=projects/gvanim-app
[debug] [2023-06-20T07:03:05.945Z] >>> [apiv2][body] POST https://cloudresourcemanager.googleapis.com/v1/projects/gvanim-app:testIamPermissions {"permissions":["cloudfunctions.functions.create","cloudfunctions.functions.delete","cloudfunctions.functions.get","cloudfunctions.functions.list","cloudfunctions.functions.update","cloudfunctions.operations.get","firebase.projects.get"]}
[debug] [2023-06-20T07:03:06.819Z] <<< [apiv2][status] POST https://cloudresourcemanager.googleapis.com/v1/projects/gvanim-app:testIamPermissions 200
[debug] [2023-06-20T07:03:06.820Z] <<< [apiv2][body] POST https://cloudresourcemanager.googleapis.com/v1/projects/gvanim-app:testIamPermissions {"permissions":["cloudfunctions.functions.create","cloudfunctions.functions.delete","cloudfunctions.functions.get","cloudfunctions.functions.list","cloudfunctions.functions.update","cloudfunctions.operations.get","firebase.projects.get"]}
[debug] [2023-06-20T07:03:06.820Z] >>> [apiv2][query] POST https://iam.googleapis.com/v1/projects/gvanim-app/serviceAccounts/gvanim-app@appspot.gserviceaccount.com:testIamPermissions [none]
[debug] [2023-06-20T07:03:06.820Z] >>> [apiv2][body] POST https://iam.googleapis.com/v1/projects/gvanim-app/serviceAccounts/gvanim-app@appspot.gserviceaccount.com:testIamPermissions {"permissions":["iam.serviceAccounts.actAs"]}
[debug] [2023-06-20T07:03:07.262Z] <<< [apiv2][status] POST https://iam.googleapis.com/v1/projects/gvanim-app/serviceAccounts/gvanim-app@appspot.gserviceaccount.com:testIamPermissions 200
[debug] [2023-06-20T07:03:07.262Z] <<< [apiv2][body] POST https://iam.googleapis.com/v1/projects/gvanim-app/serviceAccounts/gvanim-app@appspot.gserviceaccount.com:testIamPermissions {"permissions":["iam.serviceAccounts.actAs"]}
[info] 
[info] === Deploying to 'gvanim-app'...
[info] 
[info] i  deploying functions 
[info] Running command: npm --prefix "$RESOURCE_DIR" run lint
[info] Running command: npm --prefix "$RESOURCE_DIR" run build
[info] +  functions: Finished running predeploy script. 
[debug] [2023-06-20T07:03:18.626Z] >>> [apiv2][query] GET https://firebase.googleapis.com/v1beta1/projects/gvanim-app [none]
[debug] [2023-06-20T07:03:19.091Z] <<< [apiv2][status] GET https://firebase.googleapis.com/v1beta1/projects/gvanim-app 200
[debug] [2023-06-20T07:03:19.091Z] <<< [apiv2][body] GET https://firebase.googleapis.com/v1beta1/projects/gvanim-app {"projectId":"gvanim-app","projectNumber":"447092418134","displayName":"gvanim-app","name":"projects/gvanim-app","resources":{"hostingSite":"gvanim-app","realtimeDatabaseInstance":"gvanim-app-default-rtdb","storageBucket":"gvanim-app.appspot.com","locationId":"us-central"},"state":"ACTIVE","etag":"1_7e0ac17e-23bd-4ab4-8799-b60c93f02363"}
[info] i  functions: preparing codebase default for deployment 
[info] i  functions: ensuring required API cloudfunctions.googleapis.com is enabled... 
[info] i  functions: ensuring required API cloudbuild.googleapis.com is enabled... 
[info] i  artifactregistry: ensuring required API artifactregistry.googleapis.com is enabled... 
[debug] [2023-06-20T07:03:19.095Z] >>> [apiv2][query] GET https://serviceusage.googleapis.com/v1/projects/gvanim-app/services/cloudfunctions.googleapis.com [none]
[debug] [2023-06-20T07:03:19.095Z] >>> [apiv2][(partial)header] GET https://serviceusage.googleapis.com/v1/projects/gvanim-app/services/cloudfunctions.googleapis.com x-goog-quota-user=projects/gvanim-app
[debug] [2023-06-20T07:03:19.097Z] >>> [apiv2][query] GET https://serviceusage.googleapis.com/v1/projects/gvanim-app/services/runtimeconfig.googleapis.com [none]
[debug] [2023-06-20T07:03:19.097Z] >>> [apiv2][(partial)header] GET https://serviceusage.googleapis.com/v1/projects/gvanim-app/services/runtimeconfig.googleapis.com x-goog-quota-user=projects/gvanim-app
[debug] [2023-06-20T07:03:19.098Z] >>> [apiv2][query] GET https://serviceusage.googleapis.com/v1/projects/gvanim-app/services/cloudbuild.googleapis.com [none]
[debug] [2023-06-20T07:03:19.098Z] >>> [apiv2][(partial)header] GET https://serviceusage.googleapis.com/v1/projects/gvanim-app/services/cloudbuild.googleapis.com x-goog-quota-user=projects/gvanim-app
[debug] [2023-06-20T07:03:19.098Z] >>> [apiv2][query] GET https://serviceusage.googleapis.com/v1/projects/gvanim-app/services/artifactregistry.googleapis.com [none]
[debug] [2023-06-20T07:03:19.098Z] >>> [apiv2][(partial)header] GET https://serviceusage.googleapis.com/v1/projects/gvanim-app/services/artifactregistry.googleapis.com x-goog-quota-user=projects/gvanim-app
[debug] [2023-06-20T07:03:19.703Z] <<< [apiv2][status] GET https://serviceusage.googleapis.com/v1/projects/gvanim-app/services/artifactregistry.googleapis.com 200
[debug] [2023-06-20T07:03:19.703Z] <<< [apiv2][body] GET https://serviceusage.googleapis.com/v1/projects/gvanim-app/services/artifactregistry.googleapis.com [omitted]
[info] +  artifactregistry: required API artifactregistry.googleapis.com is enabled 
[debug] [2023-06-20T07:03:20.186Z] <<< [apiv2][status] GET https://serviceusage.googleapis.com/v1/projects/gvanim-app/services/runtimeconfig.googleapis.com 200
[debug] [2023-06-20T07:03:20.186Z] <<< [apiv2][body] GET https://serviceusage.googleapis.com/v1/projects/gvanim-app/services/runtimeconfig.googleapis.com [omitted]
[debug] [2023-06-20T07:03:20.198Z] <<< [apiv2][status] GET https://serviceusage.googleapis.com/v1/projects/gvanim-app/services/cloudbuild.googleapis.com 200
[debug] [2023-06-20T07:03:20.198Z] <<< [apiv2][body] GET https://serviceusage.googleapis.com/v1/projects/gvanim-app/services/cloudbuild.googleapis.com [omitted]
[info] +  functions: required API cloudbuild.googleapis.com is enabled 
[debug] [2023-06-20T07:03:20.209Z] <<< [apiv2][status] GET https://serviceusage.googleapis.com/v1/projects/gvanim-app/services/cloudfunctions.googleapis.com 200
[debug] [2023-06-20T07:03:20.209Z] <<< [apiv2][body] GET https://serviceusage.googleapis.com/v1/projects/gvanim-app/services/cloudfunctions.googleapis.com [omitted]
[info] +  functions: required API cloudfunctions.googleapis.com is enabled 
[debug] [2023-06-20T07:03:20.210Z] >>> [apiv2][query] GET https://firebase.googleapis.com/v1beta1/projects/gvanim-app/adminSdkConfig [none]
[debug] [2023-06-20T07:03:20.681Z] <<< [apiv2][status] GET https://firebase.googleapis.com/v1beta1/projects/gvanim-app/adminSdkConfig 200
[debug] [2023-06-20T07:03:20.681Z] <<< [apiv2][body] GET https://firebase.googleapis.com/v1beta1/projects/gvanim-app/adminSdkConfig {"projectId":"gvanim-app","databaseURL":"https://gvanim-app-default-rtdb.europe-west1.firebasedatabase.app","storageBucket":"gvanim-app.appspot.com","locationId":"us-central"}
[debug] [2023-06-20T07:03:20.682Z] >>> [apiv2][query] GET https://runtimeconfig.googleapis.com/v1beta1/projects/gvanim-app/configs [none]
[debug] [2023-06-20T07:03:21.227Z] <<< [apiv2][status] GET https://runtimeconfig.googleapis.com/v1beta1/projects/gvanim-app/configs 200
[debug] [2023-06-20T07:03:21.227Z] <<< [apiv2][body] GET https://runtimeconfig.googleapis.com/v1beta1/projects/gvanim-app/configs {}
[debug] [2023-06-20T07:03:21.228Z] Validating nodejs source
[debug] [2023-06-20T07:03:22.411Z] > [functions] package.json contents: {
  "name": "functions",
  "scripts": {
    "lint": "eslint --ext .js,.ts .",
    "build": "tsc",
    "build:watch": "tsc --watch",
    "serve": "npm run build && firebase emulators:start --only functions",
    "shell": "npm run build && firebase functions:shell",
    "start": "npm run shell",
    "deploy": "firebase deploy --only functions",
    "logs": "firebase functions:log"
  },
  "engines": {
    "node": "18"
  },
  "main": "lib/index.js",
  "dependencies": {
    "firebase-admin": "^11.8.0",
    "firebase-functions": "^4.3.1"
  },
  "devDependencies": {
    "@typescript-eslint/eslint-plugin": "^5.12.0",
    "@typescript-eslint/parser": "^5.12.0",
    "eslint": "^8.9.0",
    "eslint-config-google": "^0.14.0",
    "eslint-plugin-import": "^2.25.4",
    "firebase-functions-test": "^3.1.0",
    "typescript": "^4.9.0"
  },
  "private": true
}
[debug] [2023-06-20T07:03:22.411Z] Building nodejs source
[debug] [2023-06-20T07:03:22.412Z] Could not find functions.yaml. Must use http discovery
[debug] [2023-06-20T07:03:22.422Z] Found firebase-functions binary at 'C:\Users\elyaa\Documents\GitHub\gvanim-app\functions\node_modules\.bin\firebase-functions'
[debug] [2023-06-20T07:03:22.679Z] Serving at port 8116

[debug] [2023-06-20T07:03:23.017Z] Got response from /__/functions.yaml {"endpoints":{"getFilteredJobsCloudFunction":{"platform":"gcfv1","availableMemoryMb":null,"timeoutSeconds":null,"minInstances":null,"maxInstances":null,"ingressSettings":null,"serviceAccountEmail":null,"vpc":null,"region":["europe-west1"],"httpsTrigger":{},"entryPoint":"getFilteredJobsCloudFunction"},"getFilteredCandidatesCloudFunction":{"platform":"gcfv1","availableMemoryMb":null,"timeoutSeconds":null,"minInstances":null,"maxInstances":null,"ingressSettings":null,"serviceAccountEmail":null,"vpc":null,"region":["europe-west1"],"httpsTrigger":{},"entryPoint":"getFilteredCandidatesCloudFunction"},"getFilteredCandidatesJobStatusCloudFunction":{"platform":"gcfv1","availableMemoryMb":null,"timeoutSeconds":null,"minInstances":null,"maxInstances":null,"ingressSettings":null,"serviceAccountEmail":null,"vpc":null,"region":["europe-west1"],"httpsTrigger":{},"entryPoint":"getFilteredCandidatesJobStatusCloudFunction"}},"specVersion":"v1alpha1","requiredAPIs":[]}
[debug] [2023-06-20T07:03:23.023Z] shutdown requested via /__/quitquitquit

[info] i  functions: preparing functions directory for uploading... 
[info] i  functions: packaged C:\Users\elyaa\Documents\GitHub\gvanim-app\functions (93.5 KB) for uploading 
[debug] [2023-06-20T07:03:23.073Z] >>> [apiv2][query] GET https://cloudfunctions.googleapis.com/v1/projects/gvanim-app/locations/-/functions [none]
[debug] [2023-06-20T07:03:23.937Z] <<< [apiv2][status] GET https://cloudfunctions.googleapis.com/v1/projects/gvanim-app/locations/-/functions 200
[debug] [2023-06-20T07:03:23.938Z] <<< [apiv2][body] GET https://cloudfunctions.googleapis.com/v1/projects/gvanim-app/locations/-/functions {"functions":[{"name":"projects/gvanim-app/locations/europe-west1/functions/getFilteredJobsCloudFunction","httpsTrigger":{"url":"https://europe-west1-gvanim-app.cloudfunctions.net/getFilteredJobsCloudFunction","securityLevel":"SECURE_ALWAYS"},"status":"ACTIVE","entryPoint":"getFilteredJobsCloudFunction","timeout":"60s","availableMemoryMb":256,"serviceAccountEmail":"gvanim-app@appspot.gserviceaccount.com","updateTime":"2023-06-19T19:54:52.087Z","versionId":"4","labels":{"deployment-tool":"cli-firebase","firebase-functions-hash":"ed761606fe8b22868a2b2b42ed2480e36f49256b"},"sourceUploadUrl":"https://storage.googleapis.com/uploads-966889881923.europe-west1.cloudfunctions.appspot.com/52093229-616e-4067-baa0-ddf57215ee80.zip","environmentVariables":{"FIREBASE_CONFIG":"{\"projectId\":\"gvanim-app\",\"databaseURL\":\"https://gvanim-app-default-rtdb.europe-west1.firebasedatabase.app\",\"storageBucket\":\"gvanim-app.appspot.com\",\"locationId\":\"us-central\"}","GCLOUD_PROJECT":"gvanim-app","EVENTARC_CLOUD_EVENT_SOURCE":"projects/gvanim-app/locations/europe-west1/functions/getFilteredJobsCloudFunction"},"runtime":"nodejs18","ingressSettings":"ALLOW_ALL","buildId":"7db07a51-4aa6-480c-8ed9-9999cdfde01f","buildEnvironmentVariables":{"GOOGLE_NODE_RUN_SCRIPTS":""},"buildName":"projects/447092418134/locations/europe-west1/builds/7db07a51-4aa6-480c-8ed9-9999cdfde01f","dockerRegistry":"ARTIFACT_REGISTRY"}]}
[debug] [2023-06-20T07:03:23.939Z] >>> [apiv2][query] GET https://cloudfunctions.googleapis.com/v2/projects/gvanim-app/locations/-/functions filter=environment%3D%22GEN_2%22
[debug] [2023-06-20T07:03:25.116Z] <<< [apiv2][status] GET https://cloudfunctions.googleapis.com/v2/projects/gvanim-app/locations/-/functions 200
[debug] [2023-06-20T07:03:25.116Z] <<< [apiv2][body] GET https://cloudfunctions.googleapis.com/v2/projects/gvanim-app/locations/-/functions {}
[debug] [2023-06-20T07:03:25.120Z] >>> [apiv2][query] GET https://firebase.googleapis.com/v1beta1/projects/gvanim-app [none]
[debug] [2023-06-20T07:03:25.519Z] <<< [apiv2][status] GET https://firebase.googleapis.com/v1beta1/projects/gvanim-app 200
[debug] [2023-06-20T07:03:25.519Z] <<< [apiv2][body] GET https://firebase.googleapis.com/v1beta1/projects/gvanim-app {"projectId":"gvanim-app","projectNumber":"447092418134","displayName":"gvanim-app","name":"projects/gvanim-app","resources":{"hostingSite":"gvanim-app","realtimeDatabaseInstance":"gvanim-app-default-rtdb","storageBucket":"gvanim-app.appspot.com","locationId":"us-central"},"state":"ACTIVE","etag":"1_7e0ac17e-23bd-4ab4-8799-b60c93f02363"}
[debug] [2023-06-20T07:03:25.520Z] [functions] found 2 new HTTP functions, testing setIamPolicy permission...
[debug] [2023-06-20T07:03:25.520Z] >>> [apiv2][query] POST https://cloudresourcemanager.googleapis.com/v1/projects/gvanim-app:testIamPermissions [none]
[debug] [2023-06-20T07:03:25.520Z] >>> [apiv2][(partial)header] POST https://cloudresourcemanager.googleapis.com/v1/projects/gvanim-app:testIamPermissions x-goog-quota-user=projects/gvanim-app
[debug] [2023-06-20T07:03:25.520Z] >>> [apiv2][body] POST https://cloudresourcemanager.googleapis.com/v1/projects/gvanim-app:testIamPermissions {"permissions":["cloudfunctions.functions.setIamPolicy"]}
[debug] [2023-06-20T07:03:26.342Z] <<< [apiv2][status] POST https://cloudresourcemanager.googleapis.com/v1/projects/gvanim-app:testIamPermissions 200
[debug] [2023-06-20T07:03:26.342Z] <<< [apiv2][body] POST https://cloudresourcemanager.googleapis.com/v1/projects/gvanim-app:testIamPermissions {"permissions":["cloudfunctions.functions.setIamPolicy"]}
[debug] [2023-06-20T07:03:26.342Z] [functions] found setIamPolicy permission, proceeding with deploy
[debug] [2023-06-20T07:03:26.343Z] >>> [apiv2][query] POST https://cloudfunctions.googleapis.com/v1/projects/gvanim-app/locations/europe-west1/functions:generateUploadUrl [none]
[debug] [2023-06-20T07:03:26.343Z] >>> [apiv2][body] POST https://cloudfunctions.googleapis.com/v1/projects/gvanim-app/locations/europe-west1/functions:generateUploadUrl {}
[debug] [2023-06-20T07:03:27.056Z] <<< [apiv2][status] POST https://cloudfunctions.googleapis.com/v1/projects/gvanim-app/locations/europe-west1/functions:generateUploadUrl 200
[debug] [2023-06-20T07:03:27.056Z] <<< [apiv2][body] POST https://cloudfunctions.googleapis.com/v1/projects/gvanim-app/locations/europe-west1/functions:generateUploadUrl {"uploadUrl":"https://storage.googleapis.com/uploads-966889881923.europe-west1.cloudfunctions.appspot.com/72271a73-c57d-4922-ba46-855d579f4185.zip?GoogleAccessId=service-447092418134@gcf-admin-robot.iam.gserviceaccount.com&Expires=1687246406&Signature=JtDbUCkF2vFd5df7X%2FAnIIQcH1%2BLlQuxawRrNES3KNgfQoN4kUzoAbagnsKe%2BhI82%2BWPXKD4cKW67NppHJZC6TIhMF%2BPIUJwCVVCevDu%2FukoRCV%2Fak9JpeAZ0z4LD4UsEbXrCTlNkmgDssTINaG2vriG3X%2BJ65U6fI%2FyRiYzSFXHJHhCJaFTJ7jshvSZjbEu%2Fzv7I1tf04FlKBopTVLlYbAm4dxZGtS0EfevMkFLdf16wP95VyXaB6Up8PoJ7jG0y3G0CTXgHBEWkBE5MNA0WBhCDL5hrne2N%2FebiRexq3OprOfX41OQTQrWsWymQNkOfcec4IC4K0wNrUEfqNub3g%3D%3D"}
[debug] [2023-06-20T07:03:27.056Z] >>> [apiv2][query] PUT https://storage.googleapis.com/uploads-966889881923.europe-west1.cloudfunctions.appspot.com/72271a73-c57d-4922-ba46-855d579f4185.zip GoogleAccessId=service-447092418134%40gcf-admin-robot.iam.gserviceaccount.com&Expires=1687246406&Signature=JtDbUCkF2vFd5df7X%2FAnIIQcH1%2BLlQuxawRrNES3KNgfQoN4kUzoAbagnsKe%2BhI82%2BWPXKD4cKW67NppHJZC6TIhMF%2BPIUJwCVVCevDu%2FukoRCV%2Fak9JpeAZ0z4LD4UsEbXrCTlNkmgDssTINaG2vriG3X%2BJ65U6fI%2FyRiYzSFXHJHhCJaFTJ7jshvSZjbEu%2Fzv7I1tf04FlKBopTVLlYbAm4dxZGtS0EfevMkFLdf16wP95VyXaB6Up8PoJ7jG0y3G0CTXgHBEWkBE5MNA0WBhCDL5hrne2N%2FebiRexq3OprOfX41OQTQrWsWymQNkOfcec4IC4K0wNrUEfqNub3g%3D%3D
[debug] [2023-06-20T07:03:27.057Z] >>> [apiv2][body] PUT https://storage.googleapis.com/uploads-966889881923.europe-west1.cloudfunctions.appspot.com/72271a73-c57d-4922-ba46-855d579f4185.zip [stream]
[debug] [2023-06-20T07:03:27.688Z] <<< [apiv2][status] PUT https://storage.googleapis.com/uploads-966889881923.europe-west1.cloudfunctions.appspot.com/72271a73-c57d-4922-ba46-855d579f4185.zip 200
[debug] [2023-06-20T07:03:27.688Z] <<< [apiv2][body] PUT https://storage.googleapis.com/uploads-966889881923.europe-west1.cloudfunctions.appspot.com/72271a73-c57d-4922-ba46-855d579f4185.zip [omitted]
[info] +  functions: functions folder uploaded successfully 
[info] i  functions: creating Node.js 18 function getFilteredCandidatesCloudFunction(europe-west1)... 
[info] i  functions: creating Node.js 18 function getFilteredCandidatesJobStatusCloudFunction(europe-west1)... 
[info] i  functions: updating Node.js 18 function getFilteredJobsCloudFunction(europe-west1)... 
[debug] [2023-06-20T07:03:27.693Z] >>> [apiv2][query] POST https://cloudfunctions.googleapis.com/v1/projects/gvanim-app/locations/europe-west1/functions [none]
[debug] [2023-06-20T07:03:27.693Z] >>> [apiv2][body] POST https://cloudfunctions.googleapis.com/v1/projects/gvanim-app/locations/europe-west1/functions {"name":"projects/gvanim-app/locations/europe-west1/functions/getFilteredCandidatesCloudFunction","sourceUploadUrl":"https://storage.googleapis.com/uploads-966889881923.europe-west1.cloudfunctions.appspot.com/72271a73-c57d-4922-ba46-855d579f4185.zip?GoogleAccessId=service-447092418134@gcf-admin-robot.iam.gserviceaccount.com&Expires=1687246406&Signature=JtDbUCkF2vFd5df7X%2FAnIIQcH1%2BLlQuxawRrNES3KNgfQoN4kUzoAbagnsKe%2BhI82%2BWPXKD4cKW67NppHJZC6TIhMF%2BPIUJwCVVCevDu%2FukoRCV%2Fak9JpeAZ0z4LD4UsEbXrCTlNkmgDssTINaG2vriG3X%2BJ65U6fI%2FyRiYzSFXHJHhCJaFTJ7jshvSZjbEu%2Fzv7I1tf04FlKBopTVLlYbAm4dxZGtS0EfevMkFLdf16wP95VyXaB6Up8PoJ7jG0y3G0CTXgHBEWkBE5MNA0WBhCDL5hrne2N%2FebiRexq3OprOfX41OQTQrWsWymQNkOfcec4IC4K0wNrUEfqNub3g%3D%3D","entryPoint":"getFilteredCandidatesCloudFunction","runtime":"nodejs18","dockerRegistry":"ARTIFACT_REGISTRY","labels":{"deployment-tool":"cli-firebase","firebase-functions-hash":"f76c7b55dca577f1ecbf9ccb17aef1dcf306d9f3"},"httpsTrigger":{"securityLevel":"SECURE_ALWAYS"},"minInstances":null,"maxInstances":null,"ingressSettings":null,"environmentVariables":{"FIREBASE_CONFIG":"{\"projectId\":\"gvanim-app\",\"databaseURL\":\"https://gvanim-app-default-rtdb.europe-west1.firebasedatabase.app\",\"storageBucket\":\"gvanim-app.appspot.com\",\"locationId\":\"us-central\"}","GCLOUD_PROJECT":"gvanim-app","EVENTARC_CLOUD_EVENT_SOURCE":"projects/gvanim-app/locations/europe-west1/functions/getFilteredCandidatesCloudFunction"},"serviceAccountEmail":null,"availableMemoryMb":null,"timeout":null,"vpcConnector":null,"vpcConnectorEgressSettings":null,"buildEnvironmentVariables":{"GOOGLE_NODE_RUN_SCRIPTS":""}}
[debug] [2023-06-20T07:03:28.250Z] <<< [apiv2][status] POST https://cloudfunctions.googleapis.com/v1/projects/gvanim-app/locations/europe-west1/functions 200
[debug] [2023-06-20T07:03:28.250Z] <<< [apiv2][body] POST https://cloudfunctions.googleapis.com/v1/projects/gvanim-app/locations/europe-west1/functions {"name":"operations/Z3ZhbmltLWFwcC9ldXJvcGUtd2VzdDEvZ2V0RmlsdGVyZWRDYW5kaWRhdGVzQ2xvdWRGdW5jdGlvbi8tdmd3UGVBc0Qwaw","metadata":{"@type":"type.googleapis.com/google.cloud.functions.v1.OperationMetadataV1","target":"projects/gvanim-app/locations/europe-west1/functions/getFilteredCandidatesCloudFunction","type":"CREATE_FUNCTION","request":{"@type":"type.googleapis.com/google.cloud.functions.v1.CloudFunction","name":"projects/gvanim-app/locations/europe-west1/functions/getFilteredCandidatesCloudFunction","httpsTrigger":{"securityLevel":"SECURE_ALWAYS"},"entryPoint":"getFilteredCandidatesCloudFunction","labels":{"deployment-tool":"cli-firebase","firebase-functions-hash":"f76c7b55dca577f1ecbf9ccb17aef1dcf306d9f3"},"sourceUploadUrl":"https://storage.googleapis.com/uploads-966889881923.europe-west1.cloudfunctions.appspot.com/72271a73-c57d-4922-ba46-855d579f4185.zip?GoogleAccessId=service-447092418134@gcf-admin-robot.iam.gserviceaccount.com&Expires=1687246406&Signature=JtDbUCkF2vFd5df7X%2FAnIIQcH1%2BLlQuxawRrNES3KNgfQoN4kUzoAbagnsKe%2BhI82%2BWPXKD4cKW67NppHJZC6TIhMF%2BPIUJwCVVCevDu%2FukoRCV%2Fak9JpeAZ0z4LD4UsEbXrCTlNkmgDssTINaG2vriG3X%2BJ65U6fI%2FyRiYzSFXHJHhCJaFTJ7jshvSZjbEu%2Fzv7I1tf04FlKBopTVLlYbAm4dxZGtS0EfevMkFLdf16wP95VyXaB6Up8PoJ7jG0y3G0CTXgHBEWkBE5MNA0WBhCDL5hrne2N%2FebiRexq3OprOfX41OQTQrWsWymQNkOfcec4IC4K0wNrUEfqNub3g%3D%3D","environmentVariables":{"FIREBASE_CONFIG":"{\"projectId\":\"gvanim-app\",\"databaseURL\":\"https://gvanim-app-default-rtdb.europe-west1.firebasedatabase.app\",\"storageBucket\":\"gvanim-app.appspot.com\",\"locationId\":\"us-central\"}","GCLOUD_PROJECT":"gvanim-app","EVENTARC_CLOUD_EVENT_SOURCE":"projects/gvanim-app/locations/europe-west1/functions/getFilteredCandidatesCloudFunction"},"runtime":"nodejs18","buildEnvironmentVariables":{"GOOGLE_NODE_RUN_SCRIPTS":""},"dockerRegistry":"ARTIFACT_REGISTRY"},"versionId":"1","updateTime":"2023-06-20T07:03:28Z"}}
[debug] [2023-06-20T07:03:28.251Z] >>> [apiv2][query] GET https://cloudfunctions.googleapis.com/v1/operations/Z3ZhbmltLWFwcC9ldXJvcGUtd2VzdDEvZ2V0RmlsdGVyZWRDYW5kaWRhdGVzQ2xvdWRGdW5jdGlvbi8tdmd3UGVBc0Qwaw [none]
[debug] [2023-06-20T07:03:28.557Z] <<< [apiv2][status] GET https://cloudfunctions.googleapis.com/v1/operations/Z3ZhbmltLWFwcC9ldXJvcGUtd2VzdDEvZ2V0RmlsdGVyZWRDYW5kaWRhdGVzQ2xvdWRGdW5jdGlvbi8tdmd3UGVBc0Qwaw 200
[debug] [2023-06-20T07:03:28.557Z] <<< [apiv2][body] GET https://cloudfunctions.googleapis.com/v1/operations/Z3ZhbmltLWFwcC9ldXJvcGUtd2VzdDEvZ2V0RmlsdGVyZWRDYW5kaWRhdGVzQ2xvdWRGdW5jdGlvbi8tdmd3UGVBc0Qwaw {"name":"operations/Z3ZhbmltLWFwcC9ldXJvcGUtd2VzdDEvZ2V0RmlsdGVyZWRDYW5kaWRhdGVzQ2xvdWRGdW5jdGlvbi8tdmd3UGVBc0Qwaw","metadata":{"@type":"type.googleapis.com/google.cloud.functions.v1.OperationMetadataV1","target":"projects/gvanim-app/locations/europe-west1/functions/getFilteredCandidatesCloudFunction","type":"CREATE_FUNCTION","request":{"@type":"type.googleapis.com/google.cloud.functions.v1.CloudFunction","name":"projects/gvanim-app/locations/europe-west1/functions/getFilteredCandidatesCloudFunction","httpsTrigger":{"securityLevel":"SECURE_ALWAYS"},"entryPoint":"getFilteredCandidatesCloudFunction","labels":{"deployment-tool":"cli-firebase","firebase-functions-hash":"f76c7b55dca577f1ecbf9ccb17aef1dcf306d9f3"},"sourceUploadUrl":"https://storage.googleapis.com/uploads-966889881923.europe-west1.cloudfunctions.appspot.com/72271a73-c57d-4922-ba46-855d579f4185.zip?GoogleAccessId=service-447092418134@gcf-admin-robot.iam.gserviceaccount.com&Expires=1687246406&Signature=JtDbUCkF2vFd5df7X%2FAnIIQcH1%2BLlQuxawRrNES3KNgfQoN4kUzoAbagnsKe%2BhI82%2BWPXKD4cKW67NppHJZC6TIhMF%2BPIUJwCVVCevDu%2FukoRCV%2Fak9JpeAZ0z4LD4UsEbXrCTlNkmgDssTINaG2vriG3X%2BJ65U6fI%2FyRiYzSFXHJHhCJaFTJ7jshvSZjbEu%2Fzv7I1tf04FlKBopTVLlYbAm4dxZGtS0EfevMkFLdf16wP95VyXaB6Up8PoJ7jG0y3G0CTXgHBEWkBE5MNA0WBhCDL5hrne2N%2FebiRexq3OprOfX41OQTQrWsWymQNkOfcec4IC4K0wNrUEfqNub3g%3D%3D","environmentVariables":{"FIREBASE_CONFIG":"{\"projectId\":\"gvanim-app\",\"databaseURL\":\"https://gvanim-app-default-rtdb.europe-west1.firebasedatabase.app\",\"storageBucket\":\"gvanim-app.appspot.com\",\"locationId\":\"us-central\"}","GCLOUD_PROJECT":"gvanim-app","EVENTARC_CLOUD_EVENT_SOURCE":"projects/gvanim-app/locations/europe-west1/functions/getFilteredCandidatesCloudFunction"},"runtime":"nodejs18","buildEnvironmentVariables":{"GOOGLE_NODE_RUN_SCRIPTS":""},"dockerRegistry":"ARTIFACT_REGISTRY"},"versionId":"1","updateTime":"2023-06-20T07:03:28Z"}}
[debug] [2023-06-20T07:03:29.065Z] [create-default-europe-west1-getFilteredCandidatesCloudFunction] Retrying task index 0
[debug] [2023-06-20T07:03:29.066Z] >>> [apiv2][query] GET https://cloudfunctions.googleapis.com/v1/operations/Z3ZhbmltLWFwcC9ldXJvcGUtd2VzdDEvZ2V0RmlsdGVyZWRDYW5kaWRhdGVzQ2xvdWRGdW5jdGlvbi8tdmd3UGVBc0Qwaw [none]
[debug] [2023-06-20T07:03:29.399Z] <<< [apiv2][status] GET https://cloudfunctions.googleapis.com/v1/operations/Z3ZhbmltLWFwcC9ldXJvcGUtd2VzdDEvZ2V0RmlsdGVyZWRDYW5kaWRhdGVzQ2xvdWRGdW5jdGlvbi8tdmd3UGVBc0Qwaw 200
[debug] [2023-06-20T07:03:29.400Z] <<< [apiv2][body] GET https://cloudfunctions.googleapis.com/v1/operations/Z3ZhbmltLWFwcC9ldXJvcGUtd2VzdDEvZ2V0RmlsdGVyZWRDYW5kaWRhdGVzQ2xvdWRGdW5jdGlvbi8tdmd3UGVBc0Qwaw {"name":"operations/Z3ZhbmltLWFwcC9ldXJvcGUtd2VzdDEvZ2V0RmlsdGVyZWRDYW5kaWRhdGVzQ2xvdWRGdW5jdGlvbi8tdmd3UGVBc0Qwaw","metadata":{"@type":"type.googleapis.com/google.cloud.functions.v1.OperationMetadataV1","target":"projects/gvanim-app/locations/europe-west1/functions/getFilteredCandidatesCloudFunction","type":"CREATE_FUNCTION","request":{"@type":"type.googleapis.com/google.cloud.functions.v1.CloudFunction","name":"projects/gvanim-app/locations/europe-west1/functions/getFilteredCandidatesCloudFunction","httpsTrigger":{"securityLevel":"SECURE_ALWAYS"},"entryPoint":"getFilteredCandidatesCloudFunction","labels":{"deployment-tool":"cli-firebase","firebase-functions-hash":"f76c7b55dca577f1ecbf9ccb17aef1dcf306d9f3"},"sourceUploadUrl":"https://storage.googleapis.com/uploads-966889881923.europe-west1.cloudfunctions.appspot.com/72271a73-c57d-4922-ba46-855d579f4185.zip?GoogleAccessId=service-447092418134@gcf-admin-robot.iam.gserviceaccount.com&Expires=1687246406&Signature=JtDbUCkF2vFd5df7X%2FAnIIQcH1%2BLlQuxawRrNES3KNgfQoN4kUzoAbagnsKe%2BhI82%2BWPXKD4cKW67NppHJZC6TIhMF%2BPIUJwCVVCevDu%2FukoRCV%2Fak9JpeAZ0z4LD4UsEbXrCTlNkmgDssTINaG2vriG3X%2BJ65U6fI%2FyRiYzSFXHJHhCJaFTJ7jshvSZjbEu%2Fzv7I1tf04FlKBopTVLlYbAm4dxZGtS0EfevMkFLdf16wP95VyXaB6Up8PoJ7jG0y3G0CTXgHBEWkBE5MNA0WBhCDL5hrne2N%2FebiRexq3OprOfX41OQTQrWsWymQNkOfcec4IC4K0wNrUEfqNub3g%3D%3D","environmentVariables":{"FIREBASE_CONFIG":"{\"projectId\":\"gvanim-app\",\"databaseURL\":\"https://gvanim-app-default-rtdb.europe-west1.firebasedatabase.app\",\"storageBucket\":\"gvanim-app.appspot.com\",\"locationId\":\"us-central\"}","GCLOUD_PROJECT":"gvanim-app","EVENTARC_CLOUD_EVENT_SOURCE":"projects/gvanim-app/locations/europe-west1/functions/getFilteredCandidatesCloudFunction"},"runtime":"nodejs18","buildEnvironmentVariables":{"GOOGLE_NODE_RUN_SCRIPTS":""},"dockerRegistry":"ARTIFACT_REGISTRY"},"versionId":"1","updateTime":"2023-06-20T07:03:28Z","buildId":"56ae39a1-48e4-4d41-9d88-3a47f52627b5","buildName":"projects/447092418134/locations/europe-west1/builds/56ae39a1-48e4-4d41-9d88-3a47f52627b5"}}
[debug] [2023-06-20T07:03:30.407Z] [create-default-europe-west1-getFilteredCandidatesCloudFunction] Retrying task index 0
[debug] [2023-06-20T07:03:30.408Z] >>> [apiv2][query] GET https://cloudfunctions.googleapis.com/v1/operations/Z3ZhbmltLWFwcC9ldXJvcGUtd2VzdDEvZ2V0RmlsdGVyZWRDYW5kaWRhdGVzQ2xvdWRGdW5jdGlvbi8tdmd3UGVBc0Qwaw [none]
[debug] [2023-06-20T07:03:30.668Z] <<< [apiv2][status] GET https://cloudfunctions.googleapis.com/v1/operations/Z3ZhbmltLWFwcC9ldXJvcGUtd2VzdDEvZ2V0RmlsdGVyZWRDYW5kaWRhdGVzQ2xvdWRGdW5jdGlvbi8tdmd3UGVBc0Qwaw 200
[debug] [2023-06-20T07:03:30.668Z] <<< [apiv2][body] GET https://cloudfunctions.googleapis.com/v1/operations/Z3ZhbmltLWFwcC9ldXJvcGUtd2VzdDEvZ2V0RmlsdGVyZWRDYW5kaWRhdGVzQ2xvdWRGdW5jdGlvbi8tdmd3UGVBc0Qwaw {"name":"operations/Z3ZhbmltLWFwcC9ldXJvcGUtd2VzdDEvZ2V0RmlsdGVyZWRDYW5kaWRhdGVzQ2xvdWRGdW5jdGlvbi8tdmd3UGVBc0Qwaw","metadata":{"@type":"type.googleapis.com/google.cloud.functions.v1.OperationMetadataV1","target":"projects/gvanim-app/locations/europe-west1/functions/getFilteredCandidatesCloudFunction","type":"CREATE_FUNCTION","request":{"@type":"type.googleapis.com/google.cloud.functions.v1.CloudFunction","name":"projects/gvanim-app/locations/europe-west1/functions/getFilteredCandidatesCloudFunction","httpsTrigger":{"securityLevel":"SECURE_ALWAYS"},"entryPoint":"getFilteredCandidatesCloudFunction","labels":{"deployment-tool":"cli-firebase","firebase-functions-hash":"f76c7b55dca577f1ecbf9ccb17aef1dcf306d9f3"},"sourceUploadUrl":"https://storage.googleapis.com/uploads-966889881923.europe-west1.cloudfunctions.appspot.com/72271a73-c57d-4922-ba46-855d579f4185.zip?GoogleAccessId=service-447092418134@gcf-admin-robot.iam.gserviceaccount.com&Expires=1687246406&Signature=JtDbUCkF2vFd5df7X%2FAnIIQcH1%2BLlQuxawRrNES3KNgfQoN4kUzoAbagnsKe%2BhI82%2BWPXKD4cKW67NppHJZC6TIhMF%2BPIUJwCVVCevDu%2FukoRCV%2Fak9JpeAZ0z4LD4UsEbXrCTlNkmgDssTINaG2vriG3X%2BJ65U6fI%2FyRiYzSFXHJHhCJaFTJ7jshvSZjbEu%2Fzv7I1tf04FlKBopTVLlYbAm4dxZGtS0EfevMkFLdf16wP95VyXaB6Up8PoJ7jG0y3G0CTXgHBEWkBE5MNA0WBhCDL5hrne2N%2FebiRexq3OprOfX41OQTQrWsWymQNkOfcec4IC4K0wNrUEfqNub3g%3D%3D","environmentVariables":{"FIREBASE_CONFIG":"{\"projectId\":\"gvanim-app\",\"databaseURL\":\"https://gvanim-app-default-rtdb.europe-west1.firebasedatabase.app\",\"storageBucket\":\"gvanim-app.appspot.com\",\"locationId\":\"us-central\"}","GCLOUD_PROJECT":"gvanim-app","EVENTARC_CLOUD_EVENT_SOURCE":"projects/gvanim-app/locations/europe-west1/functions/getFilteredCandidatesCloudFunction"},"runtime":"nodejs18","buildEnvironmentVariables":{"GOOGLE_NODE_RUN_SCRIPTS":""},"dockerRegistry":"ARTIFACT_REGISTRY"},"versionId":"1","updateTime":"2023-06-20T07:03:28Z","buildId":"56ae39a1-48e4-4d41-9d88-3a47f52627b5","buildName":"projects/447092418134/locations/europe-west1/builds/56ae39a1-48e4-4d41-9d88-3a47f52627b5"}}
[debug] [2023-06-20T07:03:32.672Z] [create-default-europe-west1-getFilteredCandidatesCloudFunction] Retrying task index 0
[debug] [2023-06-20T07:03:32.673Z] >>> [apiv2][query] GET https://cloudfunctions.googleapis.com/v1/operations/Z3ZhbmltLWFwcC9ldXJvcGUtd2VzdDEvZ2V0RmlsdGVyZWRDYW5kaWRhdGVzQ2xvdWRGdW5jdGlvbi8tdmd3UGVBc0Qwaw [none]
[debug] [2023-06-20T07:03:32.999Z] <<< [apiv2][status] GET https://cloudfunctions.googleapis.com/v1/operations/Z3ZhbmltLWFwcC9ldXJvcGUtd2VzdDEvZ2V0RmlsdGVyZWRDYW5kaWRhdGVzQ2xvdWRGdW5jdGlvbi8tdmd3UGVBc0Qwaw 200
[debug] [2023-06-20T07:03:33.000Z] <<< [apiv2][body] GET https://cloudfunctions.googleapis.com/v1/operations/Z3ZhbmltLWFwcC9ldXJvcGUtd2VzdDEvZ2V0RmlsdGVyZWRDYW5kaWRhdGVzQ2xvdWRGdW5jdGlvbi8tdmd3UGVBc0Qwaw {"name":"operations/Z3ZhbmltLWFwcC9ldXJvcGUtd2VzdDEvZ2V0RmlsdGVyZWRDYW5kaWRhdGVzQ2xvdWRGdW5jdGlvbi8tdmd3UGVBc0Qwaw","metadata":{"@type":"type.googleapis.com/google.cloud.functions.v1.OperationMetadataV1","target":"projects/gvanim-app/locations/europe-west1/functions/getFilteredCandidatesCloudFunction","type":"CREATE_FUNCTION","request":{"@type":"type.googleapis.com/google.cloud.functions.v1.CloudFunction","name":"projects/gvanim-app/locations/europe-west1/functions/getFilteredCandidatesCloudFunction","httpsTrigger":{"securityLevel":"SECURE_ALWAYS"},"entryPoint":"getFilteredCandidatesCloudFunction","labels":{"deployment-tool":"cli-firebase","firebase-functions-hash":"f76c7b55dca577f1ecbf9ccb17aef1dcf306d9f3"},"sourceUploadUrl":"https://storage.googleapis.com/uploads-966889881923.europe-west1.cloudfunctions.appspot.com/72271a73-c57d-4922-ba46-855d579f4185.zip?GoogleAccessId=service-447092418134@gcf-admin-robot.iam.gserviceaccount.com&Expires=1687246406&Signature=JtDbUCkF2vFd5df7X%2FAnIIQcH1%2BLlQuxawRrNES3KNgfQoN4kUzoAbagnsKe%2BhI82%2BWPXKD4cKW67NppHJZC6TIhMF%2BPIUJwCVVCevDu%2FukoRCV%2Fak9JpeAZ0z4LD4UsEbXrCTlNkmgDssTINaG2vriG3X%2BJ65U6fI%2FyRiYzSFXHJHhCJaFTJ7jshvSZjbEu%2Fzv7I1tf04FlKBopTVLlYbAm4dxZGtS0EfevMkFLdf16wP95VyXaB6Up8PoJ7jG0y3G0CTXgHBEWkBE5MNA0WBhCDL5hrne2N%2FebiRexq3OprOfX41OQTQrWsWymQNkOfcec4IC4K0wNrUEfqNub3g%3D%3D","environmentVariables":{"FIREBASE_CONFIG":"{\"projectId\":\"gvanim-app\",\"databaseURL\":\"https://gvanim-app-default-rtdb.europe-west1.firebasedatabase.app\",\"storageBucket\":\"gvanim-app.appspot.com\",\"locationId\":\"us-central\"}","GCLOUD_PROJECT":"gvanim-app","EVENTARC_CLOUD_EVENT_SOURCE":"projects/gvanim-app/locations/europe-west1/functions/getFilteredCandidatesCloudFunction"},"runtime":"nodejs18","buildEnvironmentVariables":{"GOOGLE_NODE_RUN_SCRIPTS":""},"dockerRegistry":"ARTIFACT_REGISTRY"},"versionId":"1","updateTime":"2023-06-20T07:03:28Z","buildId":"56ae39a1-48e4-4d41-9d88-3a47f52627b5","buildName":"projects/447092418134/locations/europe-west1/builds/56ae39a1-48e4-4d41-9d88-3a47f52627b5"}}
[debug] [2023-06-20T07:03:37.008Z] [create-default-europe-west1-getFilteredCandidatesCloudFunction] Retrying task index 0
[debug] [2023-06-20T07:03:37.009Z] >>> [apiv2][query] GET https://cloudfunctions.googleapis.com/v1/operations/Z3ZhbmltLWFwcC9ldXJvcGUtd2VzdDEvZ2V0RmlsdGVyZWRDYW5kaWRhdGVzQ2xvdWRGdW5jdGlvbi8tdmd3UGVBc0Qwaw [none]
[debug] [2023-06-20T07:03:37.311Z] <<< [apiv2][status] GET https://cloudfunctions.googleapis.com/v1/operations/Z3ZhbmltLWFwcC9ldXJvcGUtd2VzdDEvZ2V0RmlsdGVyZWRDYW5kaWRhdGVzQ2xvdWRGdW5jdGlvbi8tdmd3UGVBc0Qwaw 200
[debug] [2023-06-20T07:03:37.312Z] <<< [apiv2][body] GET https://cloudfunctions.googleapis.com/v1/operations/Z3ZhbmltLWFwcC9ldXJvcGUtd2VzdDEvZ2V0RmlsdGVyZWRDYW5kaWRhdGVzQ2xvdWRGdW5jdGlvbi8tdmd3UGVBc0Qwaw {"name":"operations/Z3ZhbmltLWFwcC9ldXJvcGUtd2VzdDEvZ2V0RmlsdGVyZWRDYW5kaWRhdGVzQ2xvdWRGdW5jdGlvbi8tdmd3UGVBc0Qwaw","metadata":{"@type":"type.googleapis.com/google.cloud.functions.v1.OperationMetadataV1","target":"projects/gvanim-app/locations/europe-west1/functions/getFilteredCandidatesCloudFunction","type":"CREATE_FUNCTION","request":{"@type":"type.googleapis.com/google.cloud.functions.v1.CloudFunction","name":"projects/gvanim-app/locations/europe-west1/functions/getFilteredCandidatesCloudFunction","httpsTrigger":{"securityLevel":"SECURE_ALWAYS"},"entryPoint":"getFilteredCandidatesCloudFunction","labels":{"deployment-tool":"cli-firebase","firebase-functions-hash":"f76c7b55dca577f1ecbf9ccb17aef1dcf306d9f3"},"sourceUploadUrl":"https://storage.googleapis.com/uploads-966889881923.europe-west1.cloudfunctions.appspot.com/72271a73-c57d-4922-ba46-855d579f4185.zip?GoogleAccessId=service-447092418134@gcf-admin-robot.iam.gserviceaccount.com&Expires=1687246406&Signature=JtDbUCkF2vFd5df7X%2FAnIIQcH1%2BLlQuxawRrNES3KNgfQoN4kUzoAbagnsKe%2BhI82%2BWPXKD4cKW67NppHJZC6TIhMF%2BPIUJwCVVCevDu%2FukoRCV%2Fak9JpeAZ0z4LD4UsEbXrCTlNkmgDssTINaG2vriG3X%2BJ65U6fI%2FyRiYzSFXHJHhCJaFTJ7jshvSZjbEu%2Fzv7I1tf04FlKBopTVLlYbAm4dxZGtS0EfevMkFLdf16wP95VyXaB6Up8PoJ7jG0y3G0CTXgHBEWkBE5MNA0WBhCDL5hrne2N%2FebiRexq3OprOfX41OQTQrWsWymQNkOfcec4IC4K0wNrUEfqNub3g%3D%3D","environmentVariables":{"FIREBASE_CONFIG":"{\"projectId\":\"gvanim-app\",\"databaseURL\":\"https://gvanim-app-default-rtdb.europe-west1.firebasedatabase.app\",\"storageBucket\":\"gvanim-app.appspot.com\",\"locationId\":\"us-central\"}","GCLOUD_PROJECT":"gvanim-app","EVENTARC_CLOUD_EVENT_SOURCE":"projects/gvanim-app/locations/europe-west1/functions/getFilteredCandidatesCloudFunction"},"runtime":"nodejs18","buildEnvironmentVariables":{"GOOGLE_NODE_RUN_SCRIPTS":""},"dockerRegistry":"ARTIFACT_REGISTRY"},"versionId":"1","updateTime":"2023-06-20T07:03:28Z","buildId":"56ae39a1-48e4-4d41-9d88-3a47f52627b5","buildName":"projects/447092418134/locations/europe-west1/builds/56ae39a1-48e4-4d41-9d88-3a47f52627b5"}}
